<?xml version="1.0" encoding="UTF-8"?>
<testsuite name="com.tbd.twitter.TwitterApplicationTests" tests="1" skipped="0" failures="0" errors="0" timestamp="2018-07-22T22:48:35" hostname="dreamLIFE" time="0.086">
  <properties/>
  <testcase name="contextLoads" classname="com.tbd.twitter.TwitterApplicationTests" time="0.086"/>
  <system-out><![CDATA[18:48:30.552 [Test worker] DEBUG org.springframework.test.context.junit4.SpringJUnit4ClassRunner - SpringJUnit4ClassRunner constructor called with [class com.tbd.twitter.TwitterApplicationTests]
18:48:30.558 [Test worker] DEBUG org.springframework.test.context.BootstrapUtils - Instantiating CacheAwareContextLoaderDelegate from class [org.springframework.test.context.cache.DefaultCacheAwareContextLoaderDelegate]
18:48:30.566 [Test worker] DEBUG org.springframework.test.context.BootstrapUtils - Instantiating BootstrapContext using constructor [public org.springframework.test.context.support.DefaultBootstrapContext(java.lang.Class,org.springframework.test.context.CacheAwareContextLoaderDelegate)]
18:48:30.589 [Test worker] DEBUG org.springframework.test.context.BootstrapUtils - Instantiating TestContextBootstrapper for test class [com.tbd.twitter.TwitterApplicationTests] from class [org.springframework.boot.test.context.SpringBootTestContextBootstrapper]
18:48:30.602 [Test worker] INFO org.springframework.boot.test.context.SpringBootTestContextBootstrapper - Neither @ContextConfiguration nor @ContextHierarchy found for test class [com.tbd.twitter.TwitterApplicationTests], using SpringBootContextLoader
18:48:30.606 [Test worker] DEBUG org.springframework.test.context.support.AbstractContextLoader - Did not detect default resource location for test class [com.tbd.twitter.TwitterApplicationTests]: class path resource [com/tbd/twitter/TwitterApplicationTests-context.xml] does not exist
18:48:30.607 [Test worker] DEBUG org.springframework.test.context.support.AbstractContextLoader - Did not detect default resource location for test class [com.tbd.twitter.TwitterApplicationTests]: class path resource [com/tbd/twitter/TwitterApplicationTestsContext.groovy] does not exist
18:48:30.607 [Test worker] INFO org.springframework.test.context.support.AbstractContextLoader - Could not detect default resource locations for test class [com.tbd.twitter.TwitterApplicationTests]: no resource found for suffixes {-context.xml, Context.groovy}.
18:48:30.608 [Test worker] INFO org.springframework.test.context.support.AnnotationConfigContextLoaderUtils - Could not detect default configuration classes for test class [com.tbd.twitter.TwitterApplicationTests]: TwitterApplicationTests does not declare any static, non-private, non-final, nested classes annotated with @Configuration.
18:48:30.658 [Test worker] DEBUG org.springframework.test.context.support.ActiveProfilesUtils - Could not find an 'annotation declaring class' for annotation type [org.springframework.test.context.ActiveProfiles] and class [com.tbd.twitter.TwitterApplicationTests]
18:48:30.665 [Test worker] DEBUG org.springframework.core.env.StandardEnvironment - Adding PropertySource 'systemProperties' with lowest search precedence
18:48:30.666 [Test worker] DEBUG org.springframework.core.env.StandardEnvironment - Adding PropertySource 'systemEnvironment' with lowest search precedence
18:48:30.667 [Test worker] DEBUG org.springframework.core.env.StandardEnvironment - Initialized StandardEnvironment with PropertySources [MapPropertySource@1726658652 {name='systemProperties', properties={java.runtime.name=Java(TM) SE Runtime Environment, sun.boot.library.path=/usr/local/java/jdk1.8.0_161/jre/lib/amd64, java.vm.version=25.161-b12, java.vm.vendor=Oracle Corporation, java.vendor.url=http://java.oracle.com/, path.separator=:, java.vm.name=Java HotSpot(TM) 64-Bit Server VM, file.encoding.pkg=sun.io, sun.java.launcher=SUN_STANDARD, user.country=CL, sun.os.patch.level=unknown, java.vm.specification.name=Java Virtual Machine Specification, user.dir=/home/warrior2014/Música/tweetcapture-master, java.runtime.version=1.8.0_161-b12, java.awt.graphicsenv=sun.awt.X11GraphicsEnvironment, java.endorsed.dirs=/usr/local/java/jdk1.8.0_161/jre/lib/endorsed, os.arch=amd64, java.io.tmpdir=/tmp, line.separator=
, java.vm.specification.vendor=Oracle Corporation, user.variant=, os.name=Linux, sun.jnu.encoding=UTF-8, java.library.path=/usr/java/packages/lib/amd64:/usr/lib64:/lib64:/lib:/usr/lib, java.specification.name=Java Platform API Specification, java.class.version=52.0, org.gradle.native=false, sun.management.compiler=HotSpot 64-Bit Tiered Compilers, os.version=4.13.0-45-generic, user.home=/home/warrior2014, user.timezone=America/Santiago, java.awt.printerjob=sun.print.PSPrinterJob, file.encoding=UTF-8, java.specification.version=1.8, java.class.path=/home/warrior2014/Música/tweetcapture-master/build/classes/java/test:/home/warrior2014/Música/tweetcapture-master/build/resources/test:/home/warrior2014/Música/tweetcapture-master/build/classes/java/main:/home/warrior2014/Música/tweetcapture-master/build/resources/main:/home/warrior2014/.gradle/caches/modules-2/files-2.1/org.springframework.boot/spring-boot-starter-data-elasticsearch/2.0.1.RELEASE/6b5b45f5a29a4097fb62fa74e97f9ca6145e12df/spring-boot-starter-data-elasticsearch-2.0.1.RELEASE.jar:/home/warrior2014/.gradle/caches/modules-2/files-2.1/org.springframework.boot/spring-boot-starter-web/2.0.1.RELEASE/88751ed76791d12425ce5a80476baf1749a44cf4/spring-boot-starter-web-2.0.1.RELEASE.jar:/home/warrior2014/.gradle/caches/modules-2/files-2.1/org.springframework.boot/spring-boot-configuration-processor/2.0.1.RELEASE/69b5a81d8209464a3189328e5942398002cbc173/spring-boot-configuration-processor-2.0.1.RELEASE.jar:/home/warrior2014/.gradle/caches/modules-2/files-2.1/org.springframework.data/spring-data-mongodb/2.0.6.RELEASE/ee9fedc59c82ae75021ac1277f73ec87146670fd/spring-data-mongodb-2.0.6.RELEASE.jar:/home/warrior2014/.gradle/caches/modules-2/files-2.1/org.twitter4j/twitter4j-stream/4.0.2/c8ba9a8013b7e1d01a4ee9066d681a228bbb05/twitter4j-stream-4.0.2.jar:/home/warrior2014/.gradle/caches/modules-2/files-2.1/org.springframework.boot/spring-boot-starter-test/2.0.1.RELEASE/d6204ede44fa7e1df01d25509837bfa4b767fa28/spring-boot-starter-test-2.0.1.RELEASE.jar:/home/warrior2014/.gradle/caches/modules-2/files-2.1/org.springframework.boot/spring-boot-starter-json/2.0.1.RELEASE/f2e1aeeb1ac02bfa1b4f7254633484af1866fc65/spring-boot-starter-json-2.0.1.RELEASE.jar:/home/warrior2014/.gradle/caches/modules-2/files-2.1/org.springframework.boot/spring-boot-starter/2.0.1.RELEASE/33abc1286b0aabea4f08ff4285d09e587835a716/spring-boot-starter-2.0.1.RELEASE.jar:/home/warrior2014/.gradle/caches/modules-2/files-2.1/org.springframework.data/spring-data-elasticsearch/3.0.6.RELEASE/bfe1677ca35ea4e8d0face0309468cf608e55d52/spring-data-elasticsearch-3.0.6.RELEASE.jar:/home/warrior2014/.gradle/caches/modules-2/files-2.1/org.springframework.boot/spring-boot-starter-tomcat/2.0.1.RELEASE/4b46f4aaff6c8a5a1c8184996d5e9e8a9354db8d/spring-boot-starter-tomcat-2.0.1.RELEASE.jar:/home/warrior2014/.gradle/caches/modules-2/files-2.1/org.hibernate.validator/hibernate-validator/6.0.9.Final/b149e4cce82379f11f6129eb3187ca8ae5404005/hibernate-validator-6.0.9.Final.jar:/home/warrior2014/.gradle/caches/modules-2/files-2.1/org.springframework/spring-webmvc/5.0.5.RELEASE/a7fd53c7ad06b0fa7dd4ff347de1b2dc508739e/spring-webmvc-5.0.5.RELEASE.jar:/home/warrior2014/.gradle/caches/modules-2/files-2.1/org.springframework/spring-web/5.0.5.RELEASE/d51dbb5cabe72ae02e400577bac48f7fc94088de/spring-web-5.0.5.RELEASE.jar:/home/warrior2014/.gradle/caches/modules-2/files-2.1/org.springframework/spring-tx/5.0.5.RELEASE/b772fbba533da282adc89f33e2619ee8a8bba601/spring-tx-5.0.5.RELEASE.jar:/home/warrior2014/.gradle/caches/modules-2/files-2.1/org.springframework.boot/spring-boot-test-autoconfigure/2.0.1.RELEASE/c7a68c07f2a04323a67740f91d20818ec2e783b3/spring-boot-test-autoconfigure-2.0.1.RELEASE.jar:/home/warrior2014/.gradle/caches/modules-2/files-2.1/org.springframework.boot/spring-boot-test/2.0.1.RELEASE/77cede07b0e9da6c87d0dabcfe3e53ac56747d73/spring-boot-test-2.0.1.RELEASE.jar:/home/warrior2014/.gradle/caches/modules-2/files-2.1/org.springframework.boot/spring-boot-autoconfigure/2.0.1.RELEASE/b0bf9d34ed70c6987a86cd58a009065e5fa02545/spring-boot-autoconfigure-2.0.1.RELEASE.jar:/home/warrior2014/.gradle/caches/modules-2/files-2.1/org.springframework.boot/spring-boot/2.0.1.RELEASE/b8c5b14cbb0e52fdded8f98a8c1493cc74c7cf59/spring-boot-2.0.1.RELEASE.jar:/home/warrior2014/.gradle/caches/modules-2/files-2.1/org.springframework/spring-context/5.0.5.RELEASE/9cca4bf5acb693249a01c218f471c677b951d6e2/spring-context-5.0.5.RELEASE.jar:/home/warrior2014/.gradle/caches/modules-2/files-2.1/org.springframework.data/spring-data-commons/2.0.6.RELEASE/4d65fdcbe258961e866f4f85c87c13193bbfd18c/spring-data-commons-2.0.6.RELEASE.jar:/home/warrior2014/.gradle/caches/modules-2/files-2.1/org.springframework/spring-aop/5.0.5.RELEASE/b11b61b94d7fb752a1c9bf3461d655c3084fae47/spring-aop-5.0.5.RELEASE.jar:/home/warrior2014/.gradle/caches/modules-2/files-2.1/org.springframework/spring-beans/5.0.5.RELEASE/984445863c0bbdaaf860615762d998b471a6bf92/spring-beans-5.0.5.RELEASE.jar:/home/warrior2014/.gradle/caches/modules-2/files-2.1/org.springframework/spring-test/5.0.5.RELEASE/f7e3b83447e54056a91de1294ae6888343648dff/spring-test-5.0.5.RELEASE.jar:/home/warrior2014/.gradle/caches/modules-2/files-2.1/org.springframework/spring-expression/5.0.5.RELEASE/fc6c7a95aeb7d00f4c65c338b08d97767eb0dd99/spring-expression-5.0.5.RELEASE.jar:/home/warrior2014/.gradle/caches/modules-2/files-2.1/org.springframework/spring-core/5.0.5.RELEASE/1bd9feb1d9dac6accd27f5244b6c47cfcb55045c/spring-core-5.0.5.RELEASE.jar:/home/warrior2014/.gradle/caches/modules-2/files-2.1/org.mongodb/mongo-java-driver/3.6.3/237cbf74df3441c172e80ca676dc967166625ff9/mongo-java-driver-3.6.3.jar:/home/warrior2014/.gradle/caches/modules-2/files-2.1/com.jayway.jsonpath/json-path/2.4.0/765a4401ceb2dc8d40553c2075eb80a8fa35c2ae/json-path-2.4.0.jar:/home/warrior2014/.gradle/caches/modules-2/files-2.1/org.springframework.boot/spring-boot-starter-logging/2.0.1.RELEASE/10681a28c95e9f9c0159327a1ed0c860517c7ad7/spring-boot-starter-logging-2.0.1.RELEASE.jar:/home/warrior2014/.gradle/caches/modules-2/files-2.1/ch.qos.logback/logback-classic/1.2.3/7c4f3c474fb2c041d8028740440937705ebb473a/logback-classic-1.2.3.jar:/home/warrior2014/.gradle/caches/modules-2/files-2.1/org.apache.logging.log4j/log4j-to-slf4j/2.10.0/f7e631ccf49cfc0aefa4a2a728da7d374c05bd3c/log4j-to-slf4j-2.10.0.jar:/home/warrior2014/.gradle/caches/modules-2/files-2.1/org.slf4j/jul-to-slf4j/1.7.25/af5364cd6679bfffb114f0dec8a157aaa283b76/jul-to-slf4j-1.7.25.jar:/home/warrior2014/.gradle/caches/modules-2/files-2.1/org.slf4j/slf4j-api/1.7.25/da76ca59f6a57ee3102f8f9bd9cee742973efa8a/slf4j-api-1.7.25.jar:/home/warrior2014/.gradle/caches/modules-2/files-2.1/org.twitter4j/twitter4j-core/4.0.2/6555e7c45f5db0006823731b2ddb536d481e11d1/twitter4j-core-4.0.2.jar:/home/warrior2014/.gradle/caches/modules-2/files-2.1/junit/junit/4.12/2973d150c0dc1fefe998f834810d68f278ea58ec/junit-4.12.jar:/home/warrior2014/.gradle/caches/modules-2/files-2.1/org.assertj/assertj-core/3.9.1/c5ce126b15f28d56cd8f960c1a6a058b9c9aea87/assertj-core-3.9.1.jar:/home/warrior2014/.gradle/caches/modules-2/files-2.1/org.mockito/mockito-core/2.15.0/b84bfbbc29cd22c9529409627af6ea2897f4fa85/mockito-core-2.15.0.jar:/home/warrior2014/.gradle/caches/modules-2/files-2.1/org.hamcrest/hamcrest-library/1.3/4785a3c21320980282f9f33d0d1264a69040538f/hamcrest-library-1.3.jar:/home/warrior2014/.gradle/caches/modules-2/files-2.1/org.hamcrest/hamcrest-core/1.3/42a25dc3219429f0e5d060061f71acb49bf010a0/hamcrest-core-1.3.jar:/home/warrior2014/.gradle/caches/modules-2/files-2.1/org.skyscreamer/jsonassert/1.5.0/6c9d5fe2f59da598d9aefc1cfc6528ff3cf32df3/jsonassert-1.5.0.jar:/home/warrior2014/.gradle/caches/modules-2/files-2.1/org.xmlunit/xmlunit-core/2.5.1/4ffdb346572a7356f7521cd3119ce5287d2e339d/xmlunit-core-2.5.1.jar:/home/warrior2014/.gradle/caches/modules-2/files-2.1/javax.annotation/javax.annotation-api/1.3.2/934c04d3cfef185a8008e7bf34331b79730a9d43/javax.annotation-api-1.3.2.jar:/home/warrior2014/.gradle/caches/modules-2/files-2.1/org.elasticsearch.client/transport/5.6.8/789966c640d9c7390ecd17605d660f8f7cb7c9c6/transport-5.6.8.jar:/home/warrior2014/.gradle/caches/modules-2/files-2.1/org.elasticsearch.plugin/transport-netty4-client/5.6.8/3fed016555050b3dccf6efeaeff4616f8776b49e/transport-netty4-client-5.6.8.jar:/home/warrior2014/.gradle/caches/modules-2/files-2.1/org.elasticsearch.plugin/transport-netty3-client/5.6.8/af058dc33690595ff7fcb4ec8d1c69868d8483e/transport-netty3-client-5.6.8.jar:/home/warrior2014/.gradle/caches/modules-2/files-2.1/org.elasticsearch.plugin/reindex-client/5.6.8/5fba7b716af6df37d648b02694d05e887100eae5/reindex-client-5.6.8.jar:/home/warrior2014/.gradle/caches/modules-2/files-2.1/org.elasticsearch.plugin/lang-mustache-client/5.6.8/c1f3efa5b615935a760cda6c670466b0fe7cab6a/lang-mustache-client-5.6.8.jar:/home/warrior2014/.gradle/caches/modules-2/files-2.1/org.elasticsearch.plugin/percolator-client/5.6.8/fade1ebb860536c2ecf9a129010fe67c880faff3/percolator-client-5.6.8.jar:/home/warrior2014/.gradle/caches/modules-2/files-2.1/org.elasticsearch.plugin/parent-join-client/5.6.8/364cfb4fae7e796b94b83dbfe1ca524b5502a88d/parent-join-client-5.6.8.jar:/home/warrior2014/.gradle/caches/modules-2/files-2.1/org.elasticsearch/elasticsearch/5.6.8/447296d279216635ea8e0f0be7c9d7bc7d640ea8/elasticsearch-5.6.8.jar:/home/warrior2014/.gradle/caches/modules-2/files-2.1/org.yaml/snakeyaml/1.19/2d998d3d674b172a588e54ab619854d073f555b5/snakeyaml-1.19.jar:/home/warrior2014/.gradle/caches/modules-2/files-2.1/commons-lang/commons-lang/2.6/ce1edb914c94ebc388f086c6827e8bdeec71ac2/commons-lang-2.6.jar:/home/warrior2014/.gradle/caches/modules-2/files-2.1/joda-time/joda-time/2.9.9/f7b520c458572890807d143670c9b24f4de90897/joda-time-2.9.9.jar:/home/warrior2014/.gradle/caches/modules-2/files-2.1/com.fasterxml.jackson.datatype/jackson-datatype-jdk8/2.9.5/23e37f085279ba316c0df923513b81609e1d1f6/jackson-datatype-jdk8-2.9.5.jar:/home/warrior2014/.gradle/caches/modules-2/files-2.1/com.fasterxml.jackson.datatype/jackson-datatype-jsr310/2.9.5/d1f0d11e816bc04e222a261106ca138801841c2d/jackson-datatype-jsr310-2.9.5.jar:/home/warrior2014/.gradle/caches/modules-2/files-2.1/com.fasterxml.jackson.module/jackson-module-parameter-names/2.9.5/f824c60751ffb7bfc3a0d30dfe0e42317d8e67f5/jackson-module-parameter-names-2.9.5.jar:/home/warrior2014/.gradle/caches/modules-2/files-2.1/com.fasterxml.jackson.core/jackson-databind/2.9.5/3490508379d065fe3fcb80042b62f630f7588606/jackson-databind-2.9.5.jar:/home/warrior2014/.gradle/caches/modules-2/files-2.1/com.fasterxml.jackson.core/jackson-core/2.9.5/a22ac51016944b06fd9ffbc9541c6e7ce5eea117/jackson-core-2.9.5.jar:/home/warrior2014/.gradle/caches/modules-2/files-2.1/org.apache.tomcat.embed/tomcat-embed-websocket/8.5.29/37786f4ca8a1597a91a0f437e659a76d1fcc5bf1/tomcat-embed-websocket-8.5.29.jar:/home/warrior2014/.gradle/caches/modules-2/files-2.1/org.apache.tomcat.embed/tomcat-embed-core/8.5.29/51eac5adde4bc019261b787cb99e5548206908e6/tomcat-embed-core-8.5.29.jar:/home/warrior2014/.gradle/caches/modules-2/files-2.1/org.apache.tomcat.embed/tomcat-embed-el/8.5.29/893fb2c87ec1aa248a7911d76c0c06b3fca6bc9b/tomcat-embed-el-8.5.29.jar:/home/warrior2014/.gradle/caches/modules-2/files-2.1/javax.validation/validation-api/2.0.1.Final/cb855558e6271b1b32e716d24cb85c7f583ce09e/validation-api-2.0.1.Final.jar:/home/warrior2014/.gradle/caches/modules-2/files-2.1/org.jboss.logging/jboss-logging/3.3.2.Final/3789d00e859632e6c6206adc0c71625559e6e3b0/jboss-logging-3.3.2.Final.jar:/home/warrior2014/.gradle/caches/modules-2/files-2.1/com.fasterxml/classmate/1.3.4/3d5f48f10bbe4eb7bd862f10c0583be2e0053c6/classmate-1.3.4.jar:/home/warrior2014/.gradle/caches/modules-2/files-2.1/org.springframework/spring-jcl/5.0.5.RELEASE/f4a2854b9d865e8b86717595aec16f877f8c6489/spring-jcl-5.0.5.RELEASE.jar:/home/warrior2014/.gradle/caches/modules-2/files-2.1/net.minidev/json-smart/2.3/7396407491352ce4fa30de92efb158adb76b5b/json-smart-2.3.jar:/home/warrior2014/.gradle/caches/modules-2/files-2.1/net.bytebuddy/byte-buddy/1.7.11/f02857a4e2c66ccbe7aaad6100a0a6c461bce9b3/byte-buddy-1.7.11.jar:/home/warrior2014/.gradle/caches/modules-2/files-2.1/net.bytebuddy/byte-buddy-agent/1.7.11/b425a8933ca07edd03c6dbc8bc3b595fba9780de/byte-buddy-agent-1.7.11.jar:/home/warrior2014/.gradle/caches/modules-2/files-2.1/org.objenesis/objenesis/2.6/639033469776fd37c08358c6b92a4761feb2af4b/objenesis-2.6.jar:/home/warrior2014/.gradle/caches/modules-2/files-2.1/com.vaadin.external.google/android-json/0.0.20131108.vaadin1/fa26d351fe62a6a17f5cda1287c1c6110dec413f/android-json-0.0.20131108.vaadin1.jar:/home/warrior2014/.gradle/caches/modules-2/files-2.1/org.apache.lucene/lucene-core/6.6.1/b51e719d781e6ec2dbf6d6eacc20a9c2df30269a/lucene-core-6.6.1.jar:/home/warrior2014/.gradle/caches/modules-2/files-2.1/org.apache.lucene/lucene-analyzers-common/6.6.1/52cb2bbc52221d33972faacf67e5da0ab92956bd/lucene-analyzers-common-6.6.1.jar:/home/warrior2014/.gradle/caches/modules-2/files-2.1/org.apache.lucene/lucene-backward-codecs/6.6.1/4ad390d10b0290af6dac83a519956b98b1fd18f0/lucene-backward-codecs-6.6.1.jar:/home/warrior2014/.gradle/caches/modules-2/files-2.1/org.apache.lucene/lucene-grouping/6.6.1/fa9069bd2b75b219a295d15394607350195b0665/lucene-grouping-6.6.1.jar:/home/warrior2014/.gradle/caches/modules-2/files-2.1/org.apache.lucene/lucene-highlighter/6.6.1/6cc18a6e4a60b8fca62fcfaf8b9fc3ff6bf1864d/lucene-highlighter-6.6.1.jar:/home/warrior2014/.gradle/caches/modules-2/files-2.1/org.apache.lucene/lucene-join/6.6.1/355dc2046a1574cf23d325171372531e687a72cb/lucene-join-6.6.1.jar:/home/warrior2014/.gradle/caches/modules-2/files-2.1/org.apache.lucene/lucene-memory/6.6.1/4df5d3018bf7853b4f44eada0c3d823f25800fc3/lucene-memory-6.6.1.jar:/home/warrior2014/.gradle/caches/modules-2/files-2.1/org.apache.lucene/lucene-misc/6.6.1/4a434f20c15a1e651ba9d3db1167fec695b557d4/lucene-misc-6.6.1.jar:/home/warrior2014/.gradle/caches/modules-2/files-2.1/org.apache.lucene/lucene-queries/6.6.1/e138ad9807b029ca3ee0276eeb0257812c9c9179/lucene-queries-6.6.1.jar:/home/warrior2014/.gradle/caches/modules-2/files-2.1/org.apache.lucene/lucene-queryparser/6.6.1/f80e27fee9595ced0276e3caa53b6d12cc779b0e/lucene-queryparser-6.6.1.jar:/home/warrior2014/.gradle/caches/modules-2/files-2.1/org.apache.lucene/lucene-sandbox/6.6.1/3a4d147697dfb27b3a0f01f67c0b61175c14b011/lucene-sandbox-6.6.1.jar:/home/warrior2014/.gradle/caches/modules-2/files-2.1/org.apache.lucene/lucene-spatial/6.6.1/a83dc0e68cc3aeb8835610022f8d2cff34096d40/lucene-spatial-6.6.1.jar:/home/warrior2014/.gradle/caches/modules-2/files-2.1/org.apache.lucene/lucene-spatial-extras/6.6.1/c1a3c9892f1d57b14adc4bcf30509c2bec2ebafb/lucene-spatial-extras-6.6.1.jar:/home/warrior2014/.gradle/caches/modules-2/files-2.1/org.apache.lucene/lucene-spatial3d/6.6.1/87ed4ef7f3b18bf106c6f780eea39c88c9a39ad1/lucene-spatial3d-6.6.1.jar:/home/warrior2014/.gradle/caches/modules-2/files-2.1/org.apache.lucene/lucene-suggest/6.6.1/9c74240a249fd7c35fdeb6379ed2a929fb7c8acb/lucene-suggest-6.6.1.jar:/home/warrior2014/.gradle/caches/modules-2/files-2.1/org.elasticsearch/securesm/1.2/4c28f5b634497d64b727961430a516f351a099d5/securesm-1.2.jar:/home/warrior2014/.gradle/caches/modules-2/files-2.1/net.sf.jopt-simple/jopt-simple/5.0.2/98cafc6081d5632b61be2c9e60650b64ddbc637c/jopt-simple-5.0.2.jar:/home/warrior2014/.gradle/caches/modules-2/files-2.1/com.carrotsearch/hppc/0.7.1/8b5057f74ea378c0150a1860874a3ebdcb713767/hppc-0.7.1.jar:/home/warrior2014/.gradle/caches/modules-2/files-2.1/com.fasterxml.jackson.dataformat/jackson-dataformat-smile/2.9.5/dbc8efaf5c70004dfb4ac5db6fa7e12534ada22d/jackson-dataformat-smile-2.9.5.jar:/home/warrior2014/.gradle/caches/modules-2/files-2.1/com.fasterxml.jackson.dataformat/jackson-dataformat-yaml/2.9.5/a10eb0c996b7b855b7dafa3abb0a39cb6873b9e7/jackson-dataformat-yaml-2.9.5.jar:/home/warrior2014/.gradle/caches/modules-2/files-2.1/com.fasterxml.jackson.dataformat/jackson-dataformat-cbor/2.9.5/e3ceeb7bbfcc3d36a1abcc5ed9544d5298e65f39/jackson-dataformat-cbor-2.9.5.jar:/home/warrior2014/.gradle/caches/modules-2/files-2.1/com.tdunning/t-digest/3.0/84ccf145ac2215e6bfa63baa3101c0af41017cfc/t-digest-3.0.jar:/home/warrior2014/.gradle/caches/modules-2/files-2.1/org.hdrhistogram/HdrHistogram/2.1.9/e4631ce165eb400edecfa32e03d3f1be53dee754/HdrHistogram-2.1.9.jar:/home/warrior2014/.gradle/caches/modules-2/files-2.1/org.apache.logging.log4j/log4j-api/2.10.0/fec5797a55b786184a537abd39c3fa1449d752d6/log4j-api-2.10.0.jar:/home/warrior2014/.gradle/caches/modules-2/files-2.1/org.elasticsearch/jna/4.4.0-1/c9dfcec6f07ee4b1d7a6c09a7eaa9dd4fb6d2c79/jna-4.4.0-1.jar:/home/warrior2014/.gradle/caches/modules-2/files-2.1/com.fasterxml.jackson.core/jackson-annotations/2.9.0/7c10d545325e3a6e72e06381afe469fd40eb701/jackson-annotations-2.9.0.jar:/home/warrior2014/.gradle/caches/modules-2/files-2.1/io.netty/netty-buffer/4.1.23.Final/c6c0705bbd5d68aebc2d5fdd48e9dda8a8ad6d3/netty-buffer-4.1.23.Final.jar:/home/warrior2014/.gradle/caches/modules-2/files-2.1/io.netty/netty-codec/4.1.23.Final/d6599803bfefbe9a3e226702faade5df0cb678d1/netty-codec-4.1.23.Final.jar:/home/warrior2014/.gradle/caches/modules-2/files-2.1/io.netty/netty-codec-http/4.1.23.Final/47cc15932619fd831aaa67fb0968532636ab435a/netty-codec-http-4.1.23.Final.jar:/home/warrior2014/.gradle/caches/modules-2/files-2.1/io.netty/netty-common/4.1.23.Final/387b1b9d0441646a5cf84eace2b3e15dd07aca47/netty-common-4.1.23.Final.jar:/home/warrior2014/.gradle/caches/modules-2/files-2.1/io.netty/netty-handler/4.1.23.Final/a6314d244dd11db14249dc2d492e8dd3eec4cdb1/netty-handler-4.1.23.Final.jar:/home/warrior2014/.gradle/caches/modules-2/files-2.1/io.netty/netty-resolver/4.1.23.Final/19adaf9ad6833da7506cdccc7c6d16952f366fa5/netty-resolver-4.1.23.Final.jar:/home/warrior2014/.gradle/caches/modules-2/files-2.1/io.netty/netty-transport/4.1.23.Final/80dfcc723083e23058878ddbc33f5fb0ce9ec9e9/netty-transport-4.1.23.Final.jar:/home/warrior2014/.gradle/caches/modules-2/files-2.1/org.locationtech.spatial4j/spatial4j/0.6/21b15310bddcfd8c72611c180f20cf23279809a3/spatial4j-0.6.jar:/home/warrior2014/.gradle/caches/modules-2/files-2.1/com.vividsolutions/jts/1.13/3ccfb9b60f04d71add996a666ceb8902904fd805/jts-1.13.jar:/home/warrior2014/.gradle/caches/modules-2/files-2.1/net.minidev/accessors-smart/1.2/c592b500269bfde36096641b01238a8350f8aa31/accessors-smart-1.2.jar:/home/warrior2014/.gradle/caches/modules-2/files-2.1/ch.qos.logback/logback-core/1.2.3/864344400c3d4d92dfeb0a305dc87d953677c03c/logback-core-1.2.3.jar:/home/warrior2014/.gradle/caches/modules-2/files-2.1/io.netty/netty/3.10.6.Final/18ed04a0e502896552854926e908509db2987a00/netty-3.10.6.Final.jar:/home/warrior2014/.gradle/caches/modules-2/files-2.1/org.elasticsearch.client/elasticsearch-rest-client/5.6.8/218b47e06d8113b963aa2db6a5322f4f1e82bd49/elasticsearch-rest-client-5.6.8.jar:/home/warrior2014/.gradle/caches/modules-2/files-2.1/com.github.spullara.mustache.java/compiler/0.9.3/2815e016c63bec4f18704ea4f5489106a5b01a99/compiler-0.9.3.jar:/home/warrior2014/.gradle/caches/modules-2/files-2.1/org.ow2.asm/asm/5.0.4/da08b8cce7bbf903602a25a3a163ae252435795/asm-5.0.4.jar:/home/warrior2014/.gradle/caches/modules-2/files-2.1/org.apache.httpcomponents/httpclient/4.5.5/1603dfd56ebcd583ccdf337b6c3984ac55d89e58/httpclient-4.5.5.jar:/home/warrior2014/.gradle/caches/modules-2/files-2.1/org.apache.httpcomponents/httpcore/4.4.9/a86ce739e5a7175b4b234c290a00a5fdb80957a0/httpcore-4.4.9.jar:/home/warrior2014/.gradle/caches/modules-2/files-2.1/org.apache.httpcomponents/httpasyncclient/4.1.3/34c56f43fd3255fc239ffe33d0fbfb8195be6a24/httpasyncclient-4.1.3.jar:/home/warrior2014/.gradle/caches/modules-2/files-2.1/org.apache.httpcomponents/httpcore-nio/4.4.9/efd20e1f401d7464ffa7cce114f0bbbed8252a73/httpcore-nio-4.4.9.jar:/home/warrior2014/.gradle/caches/modules-2/files-2.1/commons-codec/commons-codec/1.11/3acb4705652e16236558f0f4f2192cc33c3bd189/commons-codec-1.11.jar, user.name=warrior2014, java.vm.specification.version=1.8, sun.java.command=worker.org.gradle.process.internal.worker.GradleWorkerMain 'Gradle Test Executor 1', java.home=/usr/local/java/jdk1.8.0_161/jre, sun.arch.data.model=64, user.language=es, java.specification.vendor=Oracle Corporation, awt.toolkit=sun.awt.X11.XToolkit, java.vm.info=mixed mode, java.version=1.8.0_161, java.ext.dirs=/usr/local/java/jdk1.8.0_161/jre/lib/ext:/usr/java/packages/lib/ext, sun.boot.class.path=/usr/local/java/jdk1.8.0_161/jre/lib/resources.jar:/usr/local/java/jdk1.8.0_161/jre/lib/rt.jar:/usr/local/java/jdk1.8.0_161/jre/lib/sunrsasign.jar:/usr/local/java/jdk1.8.0_161/jre/lib/jsse.jar:/usr/local/java/jdk1.8.0_161/jre/lib/jce.jar:/usr/local/java/jdk1.8.0_161/jre/lib/charsets.jar:/usr/local/java/jdk1.8.0_161/jre/lib/jfr.jar:/usr/local/java/jdk1.8.0_161/jre/classes, java.vendor=Oracle Corporation, org.gradle.test.worker=1, file.separator=/, java.vendor.url.bug=http://bugreport.sun.com/bugreport/, sun.io.unicode.encoding=UnicodeLittle, sun.cpu.endian=little, sun.desktop=gnome, sun.cpu.isalist=}}, SystemEnvironmentPropertySource@30038515 {name='systemEnvironment', properties={NVM_RC_VERSION=, PATH=/home/warrior2014/bin:/home/warrior2014/.local/bin:/usr/local/sbin:/usr/local/bin:/usr/sbin:/usr/bin:/sbin:/bin:/usr/games:/usr/local/games:/snap/bin:/home/warrior2014/bin:/bin, XAUTHORITY=/home/warrior2014/.Xauthority, XMODIFIERS=@im=ibus, XDG_DATA_DIRS=/usr/share/ubuntu:/usr/share/gnome:/usr/local/share:/usr/share:/var/lib/snapd/desktop:/var/lib/snapd/desktop, GDMSESSION=ubuntu, MANDATORY_PATH=/usr/share/gconf/ubuntu.mandatory.path, GTK_IM_MODULE=ibus, DBUS_SESSION_BUS_ADDRESS=unix:abstract=/tmp/dbus-pje2dWm3K6, DEFAULTS_PATH=/usr/share/gconf/ubuntu.default.path, XDG_CURRENT_DESKTOP=Unity, UPSTART_SESSION=unix:abstract=/com/ubuntu/upstart-session/1000/1454, QT4_IM_MODULE=xim, SESSION_MANAGER=local/dreamLIFE:@/tmp/.ICE-unix/1801,unix/dreamLIFE:/tmp/.ICE-unix/1801, QT_LINUX_ACCESSIBILITY_ALWAYS_ON=1, LOGNAME=warrior2014, JOB=dbus, PWD=/home/warrior2014/Música/tweetcapture-master, IM_CONFIG_PHASE=1, LANGUAGE=es_CL:es, WINDOWID=56623195, NVM_CD_FLAGS=, SHELL=/bin/bash, LESSOPEN=| /usr/bin/lesspipe %s, INSTANCE=, GTK2_MODULES=overlay-scrollbar, OLDPWD=/usr/lib/gradle/4.6, GNOME_DESKTOP_SESSION_ID=this-is-deprecated, GTK_MODULES=gail:atk-bridge:unity-gtk-module, CLUTTER_IM_MODULE=xim, XDG_SESSION_PATH=/org/freedesktop/DisplayManager/Session0, NVM_IOJS_ORG_MIRROR=https://iojs.org/dist, SESSIONTYPE=gnome-session, XDG_SESSION_DESKTOP=ubuntu, LS_COLORS=rs=0:di=01;34:ln=01;36:mh=00:pi=40;33:so=01;35:do=01;35:bd=40;33;01:cd=40;33;01:or=40;31;01:mi=00:su=37;41:sg=30;43:ca=30;41:tw=30;42:ow=34;42:st=37;44:ex=01;32:*.tar=01;31:*.tgz=01;31:*.arc=01;31:*.arj=01;31:*.taz=01;31:*.lha=01;31:*.lz4=01;31:*.lzh=01;31:*.lzma=01;31:*.tlz=01;31:*.txz=01;31:*.tzo=01;31:*.t7z=01;31:*.zip=01;31:*.z=01;31:*.Z=01;31:*.dz=01;31:*.gz=01;31:*.lrz=01;31:*.lz=01;31:*.lzo=01;31:*.xz=01;31:*.bz2=01;31:*.bz=01;31:*.tbz=01;31:*.tbz2=01;31:*.tz=01;31:*.deb=01;31:*.rpm=01;31:*.jar=01;31:*.war=01;31:*.ear=01;31:*.sar=01;31:*.rar=01;31:*.alz=01;31:*.ace=01;31:*.zoo=01;31:*.cpio=01;31:*.7z=01;31:*.rz=01;31:*.cab=01;31:*.jpg=01;35:*.jpeg=01;35:*.gif=01;35:*.bmp=01;35:*.pbm=01;35:*.pgm=01;35:*.ppm=01;35:*.tga=01;35:*.xbm=01;35:*.xpm=01;35:*.tif=01;35:*.tiff=01;35:*.png=01;35:*.svg=01;35:*.svgz=01;35:*.mng=01;35:*.pcx=01;35:*.mov=01;35:*.mpg=01;35:*.mpeg=01;35:*.m2v=01;35:*.mkv=01;35:*.webm=01;35:*.ogm=01;35:*.mp4=01;35:*.m4v=01;35:*.mp4v=01;35:*.vob=01;35:*.qt=01;35:*.nuv=01;35:*.wmv=01;35:*.asf=01;35:*.rm=01;35:*.rmvb=01;35:*.flc=01;35:*.avi=01;35:*.fli=01;35:*.flv=01;35:*.gl=01;35:*.dl=01;35:*.xcf=01;35:*.xwd=01;35:*.yuv=01;35:*.cgm=01;35:*.emf=01;35:*.ogv=01;35:*.ogx=01;35:*.aac=00;36:*.au=00;36:*.flac=00;36:*.m4a=00;36:*.mid=00;36:*.midi=00;36:*.mka=00;36:*.mp3=00;36:*.mpc=00;36:*.ogg=00;36:*.ra=00;36:*.wav=00;36:*.oga=00;36:*.opus=00;36:*.spx=00;36:*.xspf=00;36:, SHLVL=1, LESSCLOSE=/usr/bin/lesspipe %s %s, COMPIZ_CONFIG_PROFILE=ubuntu, QT_IM_MODULE=ibus, TERM=xterm-256color, XDG_CONFIG_DIRS=/etc/xdg/xdg-ubuntu:/usr/share/upstart/xdg:/etc/xdg, GNOME_KEYRING_CONTROL=, LANG=es_CL.UTF-8, XDG_SEAT_PATH=/org/freedesktop/DisplayManager/Seat0, XDG_SESSION_ID=c2, XDG_SESSION_TYPE=x11, DISPLAY=:0, NVM_NODEJS_ORG_MIRROR=https://nodejs.org/dist, _=/usr/bin/gradle, GDM_LANG=es, NVM_DIR=/home/warrior2014/.nvm, XDG_GREETER_DATA_DIR=/var/lib/lightdm-data/warrior2014, GPG_AGENT_INFO=/home/warrior2014/.gnupg/S.gpg-agent:0:1, DESKTOP_SESSION=ubuntu, SESSION=ubuntu, USER=warrior2014, XDG_MENU_PREFIX=gnome-, VTE_VERSION=4205, QT_ACCESSIBILITY=1, SSH_AUTH_SOCK=/run/user/1000/keyring/ssh, XDG_SEAT=seat0, QT_QPA_PLATFORMTHEME=appmenu-qt5, XDG_VTNR=7, XDG_RUNTIME_DIR=/run/user/1000, HOME=/home/warrior2014, GNOME_KEYRING_PID=}}]
18:48:30.684 [Test worker] DEBUG org.springframework.core.io.support.PathMatchingResourcePatternResolver - Resolved classpath location [com/tbd/twitter/] to resources [URL [file:/home/warrior2014/Música/tweetcapture-master/build/classes/java/test/com/tbd/twitter/], URL [file:/home/warrior2014/Música/tweetcapture-master/build/classes/java/main/com/tbd/twitter/]]
18:48:30.686 [Test worker] DEBUG org.springframework.core.io.support.PathMatchingResourcePatternResolver - Looking for matching resources in directory tree [/home/warrior2014/Música/tweetcapture-master/build/classes/java/test/com/tbd/twitter]
18:48:30.686 [Test worker] DEBUG org.springframework.core.io.support.PathMatchingResourcePatternResolver - Searching directory [/home/warrior2014/Música/tweetcapture-master/build/classes/java/test/com/tbd/twitter] for files matching pattern [/home/warrior2014/Música/tweetcapture-master/build/classes/java/test/com/tbd/twitter/*.class]
18:48:30.690 [Test worker] DEBUG org.springframework.core.io.support.PathMatchingResourcePatternResolver - Looking for matching resources in directory tree [/home/warrior2014/Música/tweetcapture-master/build/classes/java/main/com/tbd/twitter]
18:48:30.691 [Test worker] DEBUG org.springframework.core.io.support.PathMatchingResourcePatternResolver - Searching directory [/home/warrior2014/Música/tweetcapture-master/build/classes/java/main/com/tbd/twitter] for files matching pattern [/home/warrior2014/Música/tweetcapture-master/build/classes/java/main/com/tbd/twitter/*.class]
18:48:30.693 [Test worker] DEBUG org.springframework.core.io.support.PathMatchingResourcePatternResolver - Resolved location pattern [classpath*:com/tbd/twitter/*.class] to resources [file [/home/warrior2014/Música/tweetcapture-master/build/classes/java/test/com/tbd/twitter/TwitterApplicationTests.class], file [/home/warrior2014/Música/tweetcapture-master/build/classes/java/main/com/tbd/twitter/Tweet.class], file [/home/warrior2014/Música/tweetcapture-master/build/classes/java/main/com/tbd/twitter/TwitterAppConfiguration.class], file [/home/warrior2014/Música/tweetcapture-master/build/classes/java/main/com/tbd/twitter/TwitterApplication.class], file [/home/warrior2014/Música/tweetcapture-master/build/classes/java/main/com/tbd/twitter/TwitterListener$1.class], file [/home/warrior2014/Música/tweetcapture-master/build/classes/java/main/com/tbd/twitter/TwitterListener.class], file [/home/warrior2014/Música/tweetcapture-master/build/classes/java/main/com/tbd/twitter/TwitterProperties$Mongo.class], file [/home/warrior2014/Música/tweetcapture-master/build/classes/java/main/com/tbd/twitter/TwitterProperties$Twitter.class], file [/home/warrior2014/Música/tweetcapture-master/build/classes/java/main/com/tbd/twitter/TwitterProperties.class]]
18:48:30.768 [Test worker] DEBUG org.springframework.context.annotation.ClassPathScanningCandidateComponentProvider - Identified candidate component class: file [/home/warrior2014/Música/tweetcapture-master/build/classes/java/main/com/tbd/twitter/TwitterApplication.class]
18:48:30.775 [Test worker] INFO org.springframework.boot.test.context.SpringBootTestContextBootstrapper - Found @SpringBootConfiguration com.tbd.twitter.TwitterApplication for test class com.tbd.twitter.TwitterApplicationTests
18:48:30.927 [Test worker] DEBUG org.springframework.boot.test.context.SpringBootTestContextBootstrapper - @TestExecutionListeners is not present for class [com.tbd.twitter.TwitterApplicationTests]: using defaults.
18:48:30.927 [Test worker] INFO org.springframework.boot.test.context.SpringBootTestContextBootstrapper - Loaded default TestExecutionListener class names from location [META-INF/spring.factories]: [org.springframework.boot.test.autoconfigure.restdocs.RestDocsTestExecutionListener, org.springframework.boot.test.autoconfigure.web.client.MockRestServiceServerResetTestExecutionListener, org.springframework.boot.test.autoconfigure.web.servlet.MockMvcPrintOnlyOnFailureTestExecutionListener, org.springframework.boot.test.autoconfigure.web.servlet.WebDriverTestExecutionListener, org.springframework.boot.test.mock.mockito.MockitoTestExecutionListener, org.springframework.boot.test.mock.mockito.ResetMocksTestExecutionListener, org.springframework.test.context.web.ServletTestExecutionListener, org.springframework.test.context.support.DirtiesContextBeforeModesTestExecutionListener, org.springframework.test.context.support.DependencyInjectionTestExecutionListener, org.springframework.test.context.support.DirtiesContextTestExecutionListener, org.springframework.test.context.transaction.TransactionalTestExecutionListener, org.springframework.test.context.jdbc.SqlScriptsTestExecutionListener]
18:48:30.945 [Test worker] INFO org.springframework.boot.test.context.SpringBootTestContextBootstrapper - Using TestExecutionListeners: [org.springframework.test.context.web.ServletTestExecutionListener@67a68e53, org.springframework.test.context.support.DirtiesContextBeforeModesTestExecutionListener@5c143538, org.springframework.boot.test.mock.mockito.MockitoTestExecutionListener@1ab6e69f, org.springframework.boot.test.autoconfigure.SpringBootDependencyInjectionTestExecutionListener@18e0c250, org.springframework.test.context.support.DirtiesContextTestExecutionListener@4b671309, org.springframework.test.context.transaction.TransactionalTestExecutionListener@36a742a8, org.springframework.test.context.jdbc.SqlScriptsTestExecutionListener@1b88c8fd, org.springframework.boot.test.autoconfigure.restdocs.RestDocsTestExecutionListener@5e47b9e, org.springframework.boot.test.autoconfigure.web.client.MockRestServiceServerResetTestExecutionListener@76e8cf70, org.springframework.boot.test.autoconfigure.web.servlet.MockMvcPrintOnlyOnFailureTestExecutionListener@7ad67107, org.springframework.boot.test.autoconfigure.web.servlet.WebDriverTestExecutionListener@27448180, org.springframework.boot.test.mock.mockito.ResetMocksTestExecutionListener@1da267d]
18:48:30.948 [Test worker] DEBUG org.springframework.test.annotation.ProfileValueUtils - Retrieved @ProfileValueSourceConfiguration [null] for test class [com.tbd.twitter.TwitterApplicationTests]
18:48:30.948 [Test worker] DEBUG org.springframework.test.annotation.ProfileValueUtils - Retrieved ProfileValueSource type [class org.springframework.test.annotation.SystemProfileValueSource] for class [com.tbd.twitter.TwitterApplicationTests]
18:48:30.949 [Test worker] DEBUG org.springframework.test.annotation.ProfileValueUtils - Retrieved @ProfileValueSourceConfiguration [null] for test class [com.tbd.twitter.TwitterApplicationTests]
18:48:30.949 [Test worker] DEBUG org.springframework.test.annotation.ProfileValueUtils - Retrieved ProfileValueSource type [class org.springframework.test.annotation.SystemProfileValueSource] for class [com.tbd.twitter.TwitterApplicationTests]
18:48:30.956 [Test worker] DEBUG org.springframework.test.context.support.AbstractDirtiesContextTestExecutionListener - Before test class: context [DefaultTestContext@4a93f86c testClass = TwitterApplicationTests, testInstance = [null], testMethod = [null], testException = [null], mergedContextConfiguration = [WebMergedContextConfiguration@27841b9e testClass = TwitterApplicationTests, locations = '{}', classes = '{class com.tbd.twitter.TwitterApplication}', contextInitializerClasses = '[]', activeProfiles = '{}', propertySourceLocations = '{}', propertySourceProperties = '{org.springframework.boot.test.context.SpringBootTestContextBootstrapper=true}', contextCustomizers = set[org.springframework.boot.test.autoconfigure.properties.PropertyMappingContextCustomizer@0, org.springframework.boot.test.autoconfigure.web.servlet.WebDriverContextCustomizerFactory$Customizer@9912164, org.springframework.boot.test.context.filter.ExcludeFilterContextCustomizer@9b51836, org.springframework.boot.test.json.DuplicateJsonObjectContextCustomizerFactory$DuplicateJsonObjectContextCustomizer@7defb91c, org.springframework.boot.test.mock.mockito.MockitoContextCustomizer@0, org.springframework.boot.test.web.client.TestRestTemplateContextCustomizer@6cf6fb4], resourceBasePath = 'src/main/webapp', contextLoader = 'org.springframework.boot.test.context.SpringBootContextLoader', parent = [null]], attributes = map['org.springframework.test.context.web.ServletTestExecutionListener.activateListener' -> true]], class annotated with @DirtiesContext [false] with mode [null].
18:48:30.958 [Test worker] DEBUG org.springframework.test.annotation.ProfileValueUtils - Retrieved @ProfileValueSourceConfiguration [null] for test class [com.tbd.twitter.TwitterApplicationTests]
18:48:30.958 [Test worker] DEBUG org.springframework.test.annotation.ProfileValueUtils - Retrieved ProfileValueSource type [class org.springframework.test.annotation.SystemProfileValueSource] for class [com.tbd.twitter.TwitterApplicationTests]
18:48:30.977 [Test worker] DEBUG org.springframework.core.env.StandardEnvironment - Adding PropertySource 'systemProperties' with lowest search precedence
18:48:30.977 [Test worker] DEBUG org.springframework.core.env.StandardEnvironment - Adding PropertySource 'systemEnvironment' with lowest search precedence
18:48:30.978 [Test worker] DEBUG org.springframework.core.env.StandardEnvironment - Initialized StandardEnvironment with PropertySources [MapPropertySource@1219767467 {name='systemProperties', properties={java.runtime.name=Java(TM) SE Runtime Environment, sun.boot.library.path=/usr/local/java/jdk1.8.0_161/jre/lib/amd64, java.vm.version=25.161-b12, java.vm.vendor=Oracle Corporation, java.vendor.url=http://java.oracle.com/, path.separator=:, java.vm.name=Java HotSpot(TM) 64-Bit Server VM, file.encoding.pkg=sun.io, sun.java.launcher=SUN_STANDARD, user.country=CL, sun.os.patch.level=unknown, java.vm.specification.name=Java Virtual Machine Specification, user.dir=/home/warrior2014/Música/tweetcapture-master, java.runtime.version=1.8.0_161-b12, java.awt.graphicsenv=sun.awt.X11GraphicsEnvironment, java.endorsed.dirs=/usr/local/java/jdk1.8.0_161/jre/lib/endorsed, os.arch=amd64, java.io.tmpdir=/tmp, line.separator=
, java.vm.specification.vendor=Oracle Corporation, user.variant=, os.name=Linux, sun.jnu.encoding=UTF-8, java.library.path=/usr/java/packages/lib/amd64:/usr/lib64:/lib64:/lib:/usr/lib, java.specification.name=Java Platform API Specification, java.class.version=52.0, org.gradle.native=false, sun.management.compiler=HotSpot 64-Bit Tiered Compilers, os.version=4.13.0-45-generic, user.home=/home/warrior2014, user.timezone=America/Santiago, java.awt.printerjob=sun.print.PSPrinterJob, file.encoding=UTF-8, java.specification.version=1.8, java.class.path=/home/warrior2014/Música/tweetcapture-master/build/classes/java/test:/home/warrior2014/Música/tweetcapture-master/build/resources/test:/home/warrior2014/Música/tweetcapture-master/build/classes/java/main:/home/warrior2014/Música/tweetcapture-master/build/resources/main:/home/warrior2014/.gradle/caches/modules-2/files-2.1/org.springframework.boot/spring-boot-starter-data-elasticsearch/2.0.1.RELEASE/6b5b45f5a29a4097fb62fa74e97f9ca6145e12df/spring-boot-starter-data-elasticsearch-2.0.1.RELEASE.jar:/home/warrior2014/.gradle/caches/modules-2/files-2.1/org.springframework.boot/spring-boot-starter-web/2.0.1.RELEASE/88751ed76791d12425ce5a80476baf1749a44cf4/spring-boot-starter-web-2.0.1.RELEASE.jar:/home/warrior2014/.gradle/caches/modules-2/files-2.1/org.springframework.boot/spring-boot-configuration-processor/2.0.1.RELEASE/69b5a81d8209464a3189328e5942398002cbc173/spring-boot-configuration-processor-2.0.1.RELEASE.jar:/home/warrior2014/.gradle/caches/modules-2/files-2.1/org.springframework.data/spring-data-mongodb/2.0.6.RELEASE/ee9fedc59c82ae75021ac1277f73ec87146670fd/spring-data-mongodb-2.0.6.RELEASE.jar:/home/warrior2014/.gradle/caches/modules-2/files-2.1/org.twitter4j/twitter4j-stream/4.0.2/c8ba9a8013b7e1d01a4ee9066d681a228bbb05/twitter4j-stream-4.0.2.jar:/home/warrior2014/.gradle/caches/modules-2/files-2.1/org.springframework.boot/spring-boot-starter-test/2.0.1.RELEASE/d6204ede44fa7e1df01d25509837bfa4b767fa28/spring-boot-starter-test-2.0.1.RELEASE.jar:/home/warrior2014/.gradle/caches/modules-2/files-2.1/org.springframework.boot/spring-boot-starter-json/2.0.1.RELEASE/f2e1aeeb1ac02bfa1b4f7254633484af1866fc65/spring-boot-starter-json-2.0.1.RELEASE.jar:/home/warrior2014/.gradle/caches/modules-2/files-2.1/org.springframework.boot/spring-boot-starter/2.0.1.RELEASE/33abc1286b0aabea4f08ff4285d09e587835a716/spring-boot-starter-2.0.1.RELEASE.jar:/home/warrior2014/.gradle/caches/modules-2/files-2.1/org.springframework.data/spring-data-elasticsearch/3.0.6.RELEASE/bfe1677ca35ea4e8d0face0309468cf608e55d52/spring-data-elasticsearch-3.0.6.RELEASE.jar:/home/warrior2014/.gradle/caches/modules-2/files-2.1/org.springframework.boot/spring-boot-starter-tomcat/2.0.1.RELEASE/4b46f4aaff6c8a5a1c8184996d5e9e8a9354db8d/spring-boot-starter-tomcat-2.0.1.RELEASE.jar:/home/warrior2014/.gradle/caches/modules-2/files-2.1/org.hibernate.validator/hibernate-validator/6.0.9.Final/b149e4cce82379f11f6129eb3187ca8ae5404005/hibernate-validator-6.0.9.Final.jar:/home/warrior2014/.gradle/caches/modules-2/files-2.1/org.springframework/spring-webmvc/5.0.5.RELEASE/a7fd53c7ad06b0fa7dd4ff347de1b2dc508739e/spring-webmvc-5.0.5.RELEASE.jar:/home/warrior2014/.gradle/caches/modules-2/files-2.1/org.springframework/spring-web/5.0.5.RELEASE/d51dbb5cabe72ae02e400577bac48f7fc94088de/spring-web-5.0.5.RELEASE.jar:/home/warrior2014/.gradle/caches/modules-2/files-2.1/org.springframework/spring-tx/5.0.5.RELEASE/b772fbba533da282adc89f33e2619ee8a8bba601/spring-tx-5.0.5.RELEASE.jar:/home/warrior2014/.gradle/caches/modules-2/files-2.1/org.springframework.boot/spring-boot-test-autoconfigure/2.0.1.RELEASE/c7a68c07f2a04323a67740f91d20818ec2e783b3/spring-boot-test-autoconfigure-2.0.1.RELEASE.jar:/home/warrior2014/.gradle/caches/modules-2/files-2.1/org.springframework.boot/spring-boot-test/2.0.1.RELEASE/77cede07b0e9da6c87d0dabcfe3e53ac56747d73/spring-boot-test-2.0.1.RELEASE.jar:/home/warrior2014/.gradle/caches/modules-2/files-2.1/org.springframework.boot/spring-boot-autoconfigure/2.0.1.RELEASE/b0bf9d34ed70c6987a86cd58a009065e5fa02545/spring-boot-autoconfigure-2.0.1.RELEASE.jar:/home/warrior2014/.gradle/caches/modules-2/files-2.1/org.springframework.boot/spring-boot/2.0.1.RELEASE/b8c5b14cbb0e52fdded8f98a8c1493cc74c7cf59/spring-boot-2.0.1.RELEASE.jar:/home/warrior2014/.gradle/caches/modules-2/files-2.1/org.springframework/spring-context/5.0.5.RELEASE/9cca4bf5acb693249a01c218f471c677b951d6e2/spring-context-5.0.5.RELEASE.jar:/home/warrior2014/.gradle/caches/modules-2/files-2.1/org.springframework.data/spring-data-commons/2.0.6.RELEASE/4d65fdcbe258961e866f4f85c87c13193bbfd18c/spring-data-commons-2.0.6.RELEASE.jar:/home/warrior2014/.gradle/caches/modules-2/files-2.1/org.springframework/spring-aop/5.0.5.RELEASE/b11b61b94d7fb752a1c9bf3461d655c3084fae47/spring-aop-5.0.5.RELEASE.jar:/home/warrior2014/.gradle/caches/modules-2/files-2.1/org.springframework/spring-beans/5.0.5.RELEASE/984445863c0bbdaaf860615762d998b471a6bf92/spring-beans-5.0.5.RELEASE.jar:/home/warrior2014/.gradle/caches/modules-2/files-2.1/org.springframework/spring-test/5.0.5.RELEASE/f7e3b83447e54056a91de1294ae6888343648dff/spring-test-5.0.5.RELEASE.jar:/home/warrior2014/.gradle/caches/modules-2/files-2.1/org.springframework/spring-expression/5.0.5.RELEASE/fc6c7a95aeb7d00f4c65c338b08d97767eb0dd99/spring-expression-5.0.5.RELEASE.jar:/home/warrior2014/.gradle/caches/modules-2/files-2.1/org.springframework/spring-core/5.0.5.RELEASE/1bd9feb1d9dac6accd27f5244b6c47cfcb55045c/spring-core-5.0.5.RELEASE.jar:/home/warrior2014/.gradle/caches/modules-2/files-2.1/org.mongodb/mongo-java-driver/3.6.3/237cbf74df3441c172e80ca676dc967166625ff9/mongo-java-driver-3.6.3.jar:/home/warrior2014/.gradle/caches/modules-2/files-2.1/com.jayway.jsonpath/json-path/2.4.0/765a4401ceb2dc8d40553c2075eb80a8fa35c2ae/json-path-2.4.0.jar:/home/warrior2014/.gradle/caches/modules-2/files-2.1/org.springframework.boot/spring-boot-starter-logging/2.0.1.RELEASE/10681a28c95e9f9c0159327a1ed0c860517c7ad7/spring-boot-starter-logging-2.0.1.RELEASE.jar:/home/warrior2014/.gradle/caches/modules-2/files-2.1/ch.qos.logback/logback-classic/1.2.3/7c4f3c474fb2c041d8028740440937705ebb473a/logback-classic-1.2.3.jar:/home/warrior2014/.gradle/caches/modules-2/files-2.1/org.apache.logging.log4j/log4j-to-slf4j/2.10.0/f7e631ccf49cfc0aefa4a2a728da7d374c05bd3c/log4j-to-slf4j-2.10.0.jar:/home/warrior2014/.gradle/caches/modules-2/files-2.1/org.slf4j/jul-to-slf4j/1.7.25/af5364cd6679bfffb114f0dec8a157aaa283b76/jul-to-slf4j-1.7.25.jar:/home/warrior2014/.gradle/caches/modules-2/files-2.1/org.slf4j/slf4j-api/1.7.25/da76ca59f6a57ee3102f8f9bd9cee742973efa8a/slf4j-api-1.7.25.jar:/home/warrior2014/.gradle/caches/modules-2/files-2.1/org.twitter4j/twitter4j-core/4.0.2/6555e7c45f5db0006823731b2ddb536d481e11d1/twitter4j-core-4.0.2.jar:/home/warrior2014/.gradle/caches/modules-2/files-2.1/junit/junit/4.12/2973d150c0dc1fefe998f834810d68f278ea58ec/junit-4.12.jar:/home/warrior2014/.gradle/caches/modules-2/files-2.1/org.assertj/assertj-core/3.9.1/c5ce126b15f28d56cd8f960c1a6a058b9c9aea87/assertj-core-3.9.1.jar:/home/warrior2014/.gradle/caches/modules-2/files-2.1/org.mockito/mockito-core/2.15.0/b84bfbbc29cd22c9529409627af6ea2897f4fa85/mockito-core-2.15.0.jar:/home/warrior2014/.gradle/caches/modules-2/files-2.1/org.hamcrest/hamcrest-library/1.3/4785a3c21320980282f9f33d0d1264a69040538f/hamcrest-library-1.3.jar:/home/warrior2014/.gradle/caches/modules-2/files-2.1/org.hamcrest/hamcrest-core/1.3/42a25dc3219429f0e5d060061f71acb49bf010a0/hamcrest-core-1.3.jar:/home/warrior2014/.gradle/caches/modules-2/files-2.1/org.skyscreamer/jsonassert/1.5.0/6c9d5fe2f59da598d9aefc1cfc6528ff3cf32df3/jsonassert-1.5.0.jar:/home/warrior2014/.gradle/caches/modules-2/files-2.1/org.xmlunit/xmlunit-core/2.5.1/4ffdb346572a7356f7521cd3119ce5287d2e339d/xmlunit-core-2.5.1.jar:/home/warrior2014/.gradle/caches/modules-2/files-2.1/javax.annotation/javax.annotation-api/1.3.2/934c04d3cfef185a8008e7bf34331b79730a9d43/javax.annotation-api-1.3.2.jar:/home/warrior2014/.gradle/caches/modules-2/files-2.1/org.elasticsearch.client/transport/5.6.8/789966c640d9c7390ecd17605d660f8f7cb7c9c6/transport-5.6.8.jar:/home/warrior2014/.gradle/caches/modules-2/files-2.1/org.elasticsearch.plugin/transport-netty4-client/5.6.8/3fed016555050b3dccf6efeaeff4616f8776b49e/transport-netty4-client-5.6.8.jar:/home/warrior2014/.gradle/caches/modules-2/files-2.1/org.elasticsearch.plugin/transport-netty3-client/5.6.8/af058dc33690595ff7fcb4ec8d1c69868d8483e/transport-netty3-client-5.6.8.jar:/home/warrior2014/.gradle/caches/modules-2/files-2.1/org.elasticsearch.plugin/reindex-client/5.6.8/5fba7b716af6df37d648b02694d05e887100eae5/reindex-client-5.6.8.jar:/home/warrior2014/.gradle/caches/modules-2/files-2.1/org.elasticsearch.plugin/lang-mustache-client/5.6.8/c1f3efa5b615935a760cda6c670466b0fe7cab6a/lang-mustache-client-5.6.8.jar:/home/warrior2014/.gradle/caches/modules-2/files-2.1/org.elasticsearch.plugin/percolator-client/5.6.8/fade1ebb860536c2ecf9a129010fe67c880faff3/percolator-client-5.6.8.jar:/home/warrior2014/.gradle/caches/modules-2/files-2.1/org.elasticsearch.plugin/parent-join-client/5.6.8/364cfb4fae7e796b94b83dbfe1ca524b5502a88d/parent-join-client-5.6.8.jar:/home/warrior2014/.gradle/caches/modules-2/files-2.1/org.elasticsearch/elasticsearch/5.6.8/447296d279216635ea8e0f0be7c9d7bc7d640ea8/elasticsearch-5.6.8.jar:/home/warrior2014/.gradle/caches/modules-2/files-2.1/org.yaml/snakeyaml/1.19/2d998d3d674b172a588e54ab619854d073f555b5/snakeyaml-1.19.jar:/home/warrior2014/.gradle/caches/modules-2/files-2.1/commons-lang/commons-lang/2.6/ce1edb914c94ebc388f086c6827e8bdeec71ac2/commons-lang-2.6.jar:/home/warrior2014/.gradle/caches/modules-2/files-2.1/joda-time/joda-time/2.9.9/f7b520c458572890807d143670c9b24f4de90897/joda-time-2.9.9.jar:/home/warrior2014/.gradle/caches/modules-2/files-2.1/com.fasterxml.jackson.datatype/jackson-datatype-jdk8/2.9.5/23e37f085279ba316c0df923513b81609e1d1f6/jackson-datatype-jdk8-2.9.5.jar:/home/warrior2014/.gradle/caches/modules-2/files-2.1/com.fasterxml.jackson.datatype/jackson-datatype-jsr310/2.9.5/d1f0d11e816bc04e222a261106ca138801841c2d/jackson-datatype-jsr310-2.9.5.jar:/home/warrior2014/.gradle/caches/modules-2/files-2.1/com.fasterxml.jackson.module/jackson-module-parameter-names/2.9.5/f824c60751ffb7bfc3a0d30dfe0e42317d8e67f5/jackson-module-parameter-names-2.9.5.jar:/home/warrior2014/.gradle/caches/modules-2/files-2.1/com.fasterxml.jackson.core/jackson-databind/2.9.5/3490508379d065fe3fcb80042b62f630f7588606/jackson-databind-2.9.5.jar:/home/warrior2014/.gradle/caches/modules-2/files-2.1/com.fasterxml.jackson.core/jackson-core/2.9.5/a22ac51016944b06fd9ffbc9541c6e7ce5eea117/jackson-core-2.9.5.jar:/home/warrior2014/.gradle/caches/modules-2/files-2.1/org.apache.tomcat.embed/tomcat-embed-websocket/8.5.29/37786f4ca8a1597a91a0f437e659a76d1fcc5bf1/tomcat-embed-websocket-8.5.29.jar:/home/warrior2014/.gradle/caches/modules-2/files-2.1/org.apache.tomcat.embed/tomcat-embed-core/8.5.29/51eac5adde4bc019261b787cb99e5548206908e6/tomcat-embed-core-8.5.29.jar:/home/warrior2014/.gradle/caches/modules-2/files-2.1/org.apache.tomcat.embed/tomcat-embed-el/8.5.29/893fb2c87ec1aa248a7911d76c0c06b3fca6bc9b/tomcat-embed-el-8.5.29.jar:/home/warrior2014/.gradle/caches/modules-2/files-2.1/javax.validation/validation-api/2.0.1.Final/cb855558e6271b1b32e716d24cb85c7f583ce09e/validation-api-2.0.1.Final.jar:/home/warrior2014/.gradle/caches/modules-2/files-2.1/org.jboss.logging/jboss-logging/3.3.2.Final/3789d00e859632e6c6206adc0c71625559e6e3b0/jboss-logging-3.3.2.Final.jar:/home/warrior2014/.gradle/caches/modules-2/files-2.1/com.fasterxml/classmate/1.3.4/3d5f48f10bbe4eb7bd862f10c0583be2e0053c6/classmate-1.3.4.jar:/home/warrior2014/.gradle/caches/modules-2/files-2.1/org.springframework/spring-jcl/5.0.5.RELEASE/f4a2854b9d865e8b86717595aec16f877f8c6489/spring-jcl-5.0.5.RELEASE.jar:/home/warrior2014/.gradle/caches/modules-2/files-2.1/net.minidev/json-smart/2.3/7396407491352ce4fa30de92efb158adb76b5b/json-smart-2.3.jar:/home/warrior2014/.gradle/caches/modules-2/files-2.1/net.bytebuddy/byte-buddy/1.7.11/f02857a4e2c66ccbe7aaad6100a0a6c461bce9b3/byte-buddy-1.7.11.jar:/home/warrior2014/.gradle/caches/modules-2/files-2.1/net.bytebuddy/byte-buddy-agent/1.7.11/b425a8933ca07edd03c6dbc8bc3b595fba9780de/byte-buddy-agent-1.7.11.jar:/home/warrior2014/.gradle/caches/modules-2/files-2.1/org.objenesis/objenesis/2.6/639033469776fd37c08358c6b92a4761feb2af4b/objenesis-2.6.jar:/home/warrior2014/.gradle/caches/modules-2/files-2.1/com.vaadin.external.google/android-json/0.0.20131108.vaadin1/fa26d351fe62a6a17f5cda1287c1c6110dec413f/android-json-0.0.20131108.vaadin1.jar:/home/warrior2014/.gradle/caches/modules-2/files-2.1/org.apache.lucene/lucene-core/6.6.1/b51e719d781e6ec2dbf6d6eacc20a9c2df30269a/lucene-core-6.6.1.jar:/home/warrior2014/.gradle/caches/modules-2/files-2.1/org.apache.lucene/lucene-analyzers-common/6.6.1/52cb2bbc52221d33972faacf67e5da0ab92956bd/lucene-analyzers-common-6.6.1.jar:/home/warrior2014/.gradle/caches/modules-2/files-2.1/org.apache.lucene/lucene-backward-codecs/6.6.1/4ad390d10b0290af6dac83a519956b98b1fd18f0/lucene-backward-codecs-6.6.1.jar:/home/warrior2014/.gradle/caches/modules-2/files-2.1/org.apache.lucene/lucene-grouping/6.6.1/fa9069bd2b75b219a295d15394607350195b0665/lucene-grouping-6.6.1.jar:/home/warrior2014/.gradle/caches/modules-2/files-2.1/org.apache.lucene/lucene-highlighter/6.6.1/6cc18a6e4a60b8fca62fcfaf8b9fc3ff6bf1864d/lucene-highlighter-6.6.1.jar:/home/warrior2014/.gradle/caches/modules-2/files-2.1/org.apache.lucene/lucene-join/6.6.1/355dc2046a1574cf23d325171372531e687a72cb/lucene-join-6.6.1.jar:/home/warrior2014/.gradle/caches/modules-2/files-2.1/org.apache.lucene/lucene-memory/6.6.1/4df5d3018bf7853b4f44eada0c3d823f25800fc3/lucene-memory-6.6.1.jar:/home/warrior2014/.gradle/caches/modules-2/files-2.1/org.apache.lucene/lucene-misc/6.6.1/4a434f20c15a1e651ba9d3db1167fec695b557d4/lucene-misc-6.6.1.jar:/home/warrior2014/.gradle/caches/modules-2/files-2.1/org.apache.lucene/lucene-queries/6.6.1/e138ad9807b029ca3ee0276eeb0257812c9c9179/lucene-queries-6.6.1.jar:/home/warrior2014/.gradle/caches/modules-2/files-2.1/org.apache.lucene/lucene-queryparser/6.6.1/f80e27fee9595ced0276e3caa53b6d12cc779b0e/lucene-queryparser-6.6.1.jar:/home/warrior2014/.gradle/caches/modules-2/files-2.1/org.apache.lucene/lucene-sandbox/6.6.1/3a4d147697dfb27b3a0f01f67c0b61175c14b011/lucene-sandbox-6.6.1.jar:/home/warrior2014/.gradle/caches/modules-2/files-2.1/org.apache.lucene/lucene-spatial/6.6.1/a83dc0e68cc3aeb8835610022f8d2cff34096d40/lucene-spatial-6.6.1.jar:/home/warrior2014/.gradle/caches/modules-2/files-2.1/org.apache.lucene/lucene-spatial-extras/6.6.1/c1a3c9892f1d57b14adc4bcf30509c2bec2ebafb/lucene-spatial-extras-6.6.1.jar:/home/warrior2014/.gradle/caches/modules-2/files-2.1/org.apache.lucene/lucene-spatial3d/6.6.1/87ed4ef7f3b18bf106c6f780eea39c88c9a39ad1/lucene-spatial3d-6.6.1.jar:/home/warrior2014/.gradle/caches/modules-2/files-2.1/org.apache.lucene/lucene-suggest/6.6.1/9c74240a249fd7c35fdeb6379ed2a929fb7c8acb/lucene-suggest-6.6.1.jar:/home/warrior2014/.gradle/caches/modules-2/files-2.1/org.elasticsearch/securesm/1.2/4c28f5b634497d64b727961430a516f351a099d5/securesm-1.2.jar:/home/warrior2014/.gradle/caches/modules-2/files-2.1/net.sf.jopt-simple/jopt-simple/5.0.2/98cafc6081d5632b61be2c9e60650b64ddbc637c/jopt-simple-5.0.2.jar:/home/warrior2014/.gradle/caches/modules-2/files-2.1/com.carrotsearch/hppc/0.7.1/8b5057f74ea378c0150a1860874a3ebdcb713767/hppc-0.7.1.jar:/home/warrior2014/.gradle/caches/modules-2/files-2.1/com.fasterxml.jackson.dataformat/jackson-dataformat-smile/2.9.5/dbc8efaf5c70004dfb4ac5db6fa7e12534ada22d/jackson-dataformat-smile-2.9.5.jar:/home/warrior2014/.gradle/caches/modules-2/files-2.1/com.fasterxml.jackson.dataformat/jackson-dataformat-yaml/2.9.5/a10eb0c996b7b855b7dafa3abb0a39cb6873b9e7/jackson-dataformat-yaml-2.9.5.jar:/home/warrior2014/.gradle/caches/modules-2/files-2.1/com.fasterxml.jackson.dataformat/jackson-dataformat-cbor/2.9.5/e3ceeb7bbfcc3d36a1abcc5ed9544d5298e65f39/jackson-dataformat-cbor-2.9.5.jar:/home/warrior2014/.gradle/caches/modules-2/files-2.1/com.tdunning/t-digest/3.0/84ccf145ac2215e6bfa63baa3101c0af41017cfc/t-digest-3.0.jar:/home/warrior2014/.gradle/caches/modules-2/files-2.1/org.hdrhistogram/HdrHistogram/2.1.9/e4631ce165eb400edecfa32e03d3f1be53dee754/HdrHistogram-2.1.9.jar:/home/warrior2014/.gradle/caches/modules-2/files-2.1/org.apache.logging.log4j/log4j-api/2.10.0/fec5797a55b786184a537abd39c3fa1449d752d6/log4j-api-2.10.0.jar:/home/warrior2014/.gradle/caches/modules-2/files-2.1/org.elasticsearch/jna/4.4.0-1/c9dfcec6f07ee4b1d7a6c09a7eaa9dd4fb6d2c79/jna-4.4.0-1.jar:/home/warrior2014/.gradle/caches/modules-2/files-2.1/com.fasterxml.jackson.core/jackson-annotations/2.9.0/7c10d545325e3a6e72e06381afe469fd40eb701/jackson-annotations-2.9.0.jar:/home/warrior2014/.gradle/caches/modules-2/files-2.1/io.netty/netty-buffer/4.1.23.Final/c6c0705bbd5d68aebc2d5fdd48e9dda8a8ad6d3/netty-buffer-4.1.23.Final.jar:/home/warrior2014/.gradle/caches/modules-2/files-2.1/io.netty/netty-codec/4.1.23.Final/d6599803bfefbe9a3e226702faade5df0cb678d1/netty-codec-4.1.23.Final.jar:/home/warrior2014/.gradle/caches/modules-2/files-2.1/io.netty/netty-codec-http/4.1.23.Final/47cc15932619fd831aaa67fb0968532636ab435a/netty-codec-http-4.1.23.Final.jar:/home/warrior2014/.gradle/caches/modules-2/files-2.1/io.netty/netty-common/4.1.23.Final/387b1b9d0441646a5cf84eace2b3e15dd07aca47/netty-common-4.1.23.Final.jar:/home/warrior2014/.gradle/caches/modules-2/files-2.1/io.netty/netty-handler/4.1.23.Final/a6314d244dd11db14249dc2d492e8dd3eec4cdb1/netty-handler-4.1.23.Final.jar:/home/warrior2014/.gradle/caches/modules-2/files-2.1/io.netty/netty-resolver/4.1.23.Final/19adaf9ad6833da7506cdccc7c6d16952f366fa5/netty-resolver-4.1.23.Final.jar:/home/warrior2014/.gradle/caches/modules-2/files-2.1/io.netty/netty-transport/4.1.23.Final/80dfcc723083e23058878ddbc33f5fb0ce9ec9e9/netty-transport-4.1.23.Final.jar:/home/warrior2014/.gradle/caches/modules-2/files-2.1/org.locationtech.spatial4j/spatial4j/0.6/21b15310bddcfd8c72611c180f20cf23279809a3/spatial4j-0.6.jar:/home/warrior2014/.gradle/caches/modules-2/files-2.1/com.vividsolutions/jts/1.13/3ccfb9b60f04d71add996a666ceb8902904fd805/jts-1.13.jar:/home/warrior2014/.gradle/caches/modules-2/files-2.1/net.minidev/accessors-smart/1.2/c592b500269bfde36096641b01238a8350f8aa31/accessors-smart-1.2.jar:/home/warrior2014/.gradle/caches/modules-2/files-2.1/ch.qos.logback/logback-core/1.2.3/864344400c3d4d92dfeb0a305dc87d953677c03c/logback-core-1.2.3.jar:/home/warrior2014/.gradle/caches/modules-2/files-2.1/io.netty/netty/3.10.6.Final/18ed04a0e502896552854926e908509db2987a00/netty-3.10.6.Final.jar:/home/warrior2014/.gradle/caches/modules-2/files-2.1/org.elasticsearch.client/elasticsearch-rest-client/5.6.8/218b47e06d8113b963aa2db6a5322f4f1e82bd49/elasticsearch-rest-client-5.6.8.jar:/home/warrior2014/.gradle/caches/modules-2/files-2.1/com.github.spullara.mustache.java/compiler/0.9.3/2815e016c63bec4f18704ea4f5489106a5b01a99/compiler-0.9.3.jar:/home/warrior2014/.gradle/caches/modules-2/files-2.1/org.ow2.asm/asm/5.0.4/da08b8cce7bbf903602a25a3a163ae252435795/asm-5.0.4.jar:/home/warrior2014/.gradle/caches/modules-2/files-2.1/org.apache.httpcomponents/httpclient/4.5.5/1603dfd56ebcd583ccdf337b6c3984ac55d89e58/httpclient-4.5.5.jar:/home/warrior2014/.gradle/caches/modules-2/files-2.1/org.apache.httpcomponents/httpcore/4.4.9/a86ce739e5a7175b4b234c290a00a5fdb80957a0/httpcore-4.4.9.jar:/home/warrior2014/.gradle/caches/modules-2/files-2.1/org.apache.httpcomponents/httpasyncclient/4.1.3/34c56f43fd3255fc239ffe33d0fbfb8195be6a24/httpasyncclient-4.1.3.jar:/home/warrior2014/.gradle/caches/modules-2/files-2.1/org.apache.httpcomponents/httpcore-nio/4.4.9/efd20e1f401d7464ffa7cce114f0bbbed8252a73/httpcore-nio-4.4.9.jar:/home/warrior2014/.gradle/caches/modules-2/files-2.1/commons-codec/commons-codec/1.11/3acb4705652e16236558f0f4f2192cc33c3bd189/commons-codec-1.11.jar, user.name=warrior2014, java.vm.specification.version=1.8, sun.java.command=worker.org.gradle.process.internal.worker.GradleWorkerMain 'Gradle Test Executor 1', java.home=/usr/local/java/jdk1.8.0_161/jre, sun.arch.data.model=64, user.language=es, java.specification.vendor=Oracle Corporation, awt.toolkit=sun.awt.X11.XToolkit, java.vm.info=mixed mode, java.version=1.8.0_161, java.ext.dirs=/usr/local/java/jdk1.8.0_161/jre/lib/ext:/usr/java/packages/lib/ext, sun.boot.class.path=/usr/local/java/jdk1.8.0_161/jre/lib/resources.jar:/usr/local/java/jdk1.8.0_161/jre/lib/rt.jar:/usr/local/java/jdk1.8.0_161/jre/lib/sunrsasign.jar:/usr/local/java/jdk1.8.0_161/jre/lib/jsse.jar:/usr/local/java/jdk1.8.0_161/jre/lib/jce.jar:/usr/local/java/jdk1.8.0_161/jre/lib/charsets.jar:/usr/local/java/jdk1.8.0_161/jre/lib/jfr.jar:/usr/local/java/jdk1.8.0_161/jre/classes, java.vendor=Oracle Corporation, org.gradle.test.worker=1, file.separator=/, java.vendor.url.bug=http://bugreport.sun.com/bugreport/, sun.io.unicode.encoding=UnicodeLittle, sun.cpu.endian=little, sun.desktop=gnome, sun.cpu.isalist=}}, SystemEnvironmentPropertySource@791308606 {name='systemEnvironment', properties={NVM_RC_VERSION=, PATH=/home/warrior2014/bin:/home/warrior2014/.local/bin:/usr/local/sbin:/usr/local/bin:/usr/sbin:/usr/bin:/sbin:/bin:/usr/games:/usr/local/games:/snap/bin:/home/warrior2014/bin:/bin, XAUTHORITY=/home/warrior2014/.Xauthority, XMODIFIERS=@im=ibus, XDG_DATA_DIRS=/usr/share/ubuntu:/usr/share/gnome:/usr/local/share:/usr/share:/var/lib/snapd/desktop:/var/lib/snapd/desktop, GDMSESSION=ubuntu, MANDATORY_PATH=/usr/share/gconf/ubuntu.mandatory.path, GTK_IM_MODULE=ibus, DBUS_SESSION_BUS_ADDRESS=unix:abstract=/tmp/dbus-pje2dWm3K6, DEFAULTS_PATH=/usr/share/gconf/ubuntu.default.path, XDG_CURRENT_DESKTOP=Unity, UPSTART_SESSION=unix:abstract=/com/ubuntu/upstart-session/1000/1454, QT4_IM_MODULE=xim, SESSION_MANAGER=local/dreamLIFE:@/tmp/.ICE-unix/1801,unix/dreamLIFE:/tmp/.ICE-unix/1801, QT_LINUX_ACCESSIBILITY_ALWAYS_ON=1, LOGNAME=warrior2014, JOB=dbus, PWD=/home/warrior2014/Música/tweetcapture-master, IM_CONFIG_PHASE=1, LANGUAGE=es_CL:es, WINDOWID=56623195, NVM_CD_FLAGS=, SHELL=/bin/bash, LESSOPEN=| /usr/bin/lesspipe %s, INSTANCE=, GTK2_MODULES=overlay-scrollbar, OLDPWD=/usr/lib/gradle/4.6, GNOME_DESKTOP_SESSION_ID=this-is-deprecated, GTK_MODULES=gail:atk-bridge:unity-gtk-module, CLUTTER_IM_MODULE=xim, XDG_SESSION_PATH=/org/freedesktop/DisplayManager/Session0, NVM_IOJS_ORG_MIRROR=https://iojs.org/dist, SESSIONTYPE=gnome-session, XDG_SESSION_DESKTOP=ubuntu, LS_COLORS=rs=0:di=01;34:ln=01;36:mh=00:pi=40;33:so=01;35:do=01;35:bd=40;33;01:cd=40;33;01:or=40;31;01:mi=00:su=37;41:sg=30;43:ca=30;41:tw=30;42:ow=34;42:st=37;44:ex=01;32:*.tar=01;31:*.tgz=01;31:*.arc=01;31:*.arj=01;31:*.taz=01;31:*.lha=01;31:*.lz4=01;31:*.lzh=01;31:*.lzma=01;31:*.tlz=01;31:*.txz=01;31:*.tzo=01;31:*.t7z=01;31:*.zip=01;31:*.z=01;31:*.Z=01;31:*.dz=01;31:*.gz=01;31:*.lrz=01;31:*.lz=01;31:*.lzo=01;31:*.xz=01;31:*.bz2=01;31:*.bz=01;31:*.tbz=01;31:*.tbz2=01;31:*.tz=01;31:*.deb=01;31:*.rpm=01;31:*.jar=01;31:*.war=01;31:*.ear=01;31:*.sar=01;31:*.rar=01;31:*.alz=01;31:*.ace=01;31:*.zoo=01;31:*.cpio=01;31:*.7z=01;31:*.rz=01;31:*.cab=01;31:*.jpg=01;35:*.jpeg=01;35:*.gif=01;35:*.bmp=01;35:*.pbm=01;35:*.pgm=01;35:*.ppm=01;35:*.tga=01;35:*.xbm=01;35:*.xpm=01;35:*.tif=01;35:*.tiff=01;35:*.png=01;35:*.svg=01;35:*.svgz=01;35:*.mng=01;35:*.pcx=01;35:*.mov=01;35:*.mpg=01;35:*.mpeg=01;35:*.m2v=01;35:*.mkv=01;35:*.webm=01;35:*.ogm=01;35:*.mp4=01;35:*.m4v=01;35:*.mp4v=01;35:*.vob=01;35:*.qt=01;35:*.nuv=01;35:*.wmv=01;35:*.asf=01;35:*.rm=01;35:*.rmvb=01;35:*.flc=01;35:*.avi=01;35:*.fli=01;35:*.flv=01;35:*.gl=01;35:*.dl=01;35:*.xcf=01;35:*.xwd=01;35:*.yuv=01;35:*.cgm=01;35:*.emf=01;35:*.ogv=01;35:*.ogx=01;35:*.aac=00;36:*.au=00;36:*.flac=00;36:*.m4a=00;36:*.mid=00;36:*.midi=00;36:*.mka=00;36:*.mp3=00;36:*.mpc=00;36:*.ogg=00;36:*.ra=00;36:*.wav=00;36:*.oga=00;36:*.opus=00;36:*.spx=00;36:*.xspf=00;36:, SHLVL=1, LESSCLOSE=/usr/bin/lesspipe %s %s, COMPIZ_CONFIG_PROFILE=ubuntu, QT_IM_MODULE=ibus, TERM=xterm-256color, XDG_CONFIG_DIRS=/etc/xdg/xdg-ubuntu:/usr/share/upstart/xdg:/etc/xdg, GNOME_KEYRING_CONTROL=, LANG=es_CL.UTF-8, XDG_SEAT_PATH=/org/freedesktop/DisplayManager/Seat0, XDG_SESSION_ID=c2, XDG_SESSION_TYPE=x11, DISPLAY=:0, NVM_NODEJS_ORG_MIRROR=https://nodejs.org/dist, _=/usr/bin/gradle, GDM_LANG=es, NVM_DIR=/home/warrior2014/.nvm, XDG_GREETER_DATA_DIR=/var/lib/lightdm-data/warrior2014, GPG_AGENT_INFO=/home/warrior2014/.gnupg/S.gpg-agent:0:1, DESKTOP_SESSION=ubuntu, SESSION=ubuntu, USER=warrior2014, XDG_MENU_PREFIX=gnome-, VTE_VERSION=4205, QT_ACCESSIBILITY=1, SSH_AUTH_SOCK=/run/user/1000/keyring/ssh, XDG_SEAT=seat0, QT_QPA_PLATFORMTHEME=appmenu-qt5, XDG_VTNR=7, XDG_RUNTIME_DIR=/run/user/1000, HOME=/home/warrior2014, GNOME_KEYRING_PID=}}]
18:48:30.982 [Test worker] DEBUG org.springframework.test.context.support.TestPropertySourceUtils - Adding inlined properties to environment: {spring.jmx.enabled=false, org.springframework.boot.test.context.SpringBootTestContextBootstrapper=true, server.port=-1}
18:48:30.982 [Test worker] DEBUG org.springframework.core.env.StandardEnvironment - Adding PropertySource 'Inlined Test Properties' with highest search precedence

  .   ____          _            __ _ _
 /\\ / ___'_ __ _ _(_)_ __  __ _ \ \ \ \
( ( )\___ | '_ | '_| | '_ \/ _` | \ \ \ \
 \\/  ___)| |_)| | | | | || (_| |  ) ) ) )
  '  |____| .__|_| |_|_| |_\__, | / / / /
 =========|_|==============|___/=/_/_/_/
 :: Spring Boot ::        (v2.0.1.RELEASE)

2018-07-22 18:48:31.330  INFO 4344 --- [    Test worker] com.tbd.twitter.TwitterApplicationTests  : Starting TwitterApplicationTests on dreamLIFE with PID 4344 (started by warrior2014 in /home/warrior2014/Música/tweetcapture-master)
2018-07-22 18:48:31.354  INFO 4344 --- [    Test worker] com.tbd.twitter.TwitterApplicationTests  : No active profile set, falling back to default profiles: default
2018-07-22 18:48:31.406  INFO 4344 --- [    Test worker] o.s.w.c.s.GenericWebApplicationContext   : Refreshing org.springframework.web.context.support.GenericWebApplicationContext@75b86814: startup date [Sun Jul 22 18:48:31 CLT 2018]; root of context hierarchy
2018-07-22 18:48:32.339  INFO 4344 --- [    Test worker] .s.d.r.c.RepositoryConfigurationDelegate : Multiple Spring Data modules found, entering strict repository configuration mode!
2018-07-22 18:48:32.372  INFO 4344 --- [    Test worker] .s.d.r.c.RepositoryConfigurationDelegate : Multiple Spring Data modules found, entering strict repository configuration mode!
2018-07-22 18:48:33.380  INFO 4344 --- [    Test worker] org.mongodb.driver.cluster               : Cluster created with settings {hosts=[localhost:27017], mode=SINGLE, requiredClusterType=UNKNOWN, serverSelectionTimeout='30000 ms', maxWaitQueueSize=500}
2018-07-22 18:48:33.526  INFO 4344 --- [localhost:27017] org.mongodb.driver.connection            : Opened connection [connectionId{localValue:1, serverValue:19}] to localhost:27017
2018-07-22 18:48:33.529  INFO 4344 --- [localhost:27017] org.mongodb.driver.cluster               : Monitor thread successfully connected to server with description ServerDescription{address=localhost:27017, type=STANDALONE, state=CONNECTED, ok=true, version=ServerVersion{versionList=[3, 2, 20]}, minWireVersion=0, maxWireVersion=4, maxDocumentSize=16777216, logicalSessionTimeoutMinutes=null, roundTripTimeNanos=1004399}
2018-07-22 18:48:33.602  INFO 4344 --- [1[initializing]] twitter4j.TwitterStreamImpl              : Establishing connection.
2018-07-22 18:48:34.009  INFO 4344 --- [    Test worker] o.s.w.s.handler.SimpleUrlHandlerMapping  : Mapped URL path [/**/favicon.ico] onto handler of type [class org.springframework.web.servlet.resource.ResourceHttpRequestHandler]
2018-07-22 18:48:34.480  INFO 4344 --- [    Test worker] s.w.s.m.m.a.RequestMappingHandlerAdapter : Looking for @ControllerAdvice: org.springframework.web.context.support.GenericWebApplicationContext@75b86814: startup date [Sun Jul 22 18:48:31 CLT 2018]; root of context hierarchy
2018-07-22 18:48:34.596  INFO 4344 --- [    Test worker] s.w.s.m.m.a.RequestMappingHandlerMapping : Mapped "{[/error],produces=[text/html]}" onto public org.springframework.web.servlet.ModelAndView org.springframework.boot.autoconfigure.web.servlet.error.BasicErrorController.errorHtml(javax.servlet.http.HttpServletRequest,javax.servlet.http.HttpServletResponse)
2018-07-22 18:48:34.597  INFO 4344 --- [    Test worker] s.w.s.m.m.a.RequestMappingHandlerMapping : Mapped "{[/error]}" onto public org.springframework.http.ResponseEntity<java.util.Map<java.lang.String, java.lang.Object>> org.springframework.boot.autoconfigure.web.servlet.error.BasicErrorController.error(javax.servlet.http.HttpServletRequest)
2018-07-22 18:48:34.645  INFO 4344 --- [    Test worker] o.s.w.s.handler.SimpleUrlHandlerMapping  : Mapped URL path [/webjars/**] onto handler of type [class org.springframework.web.servlet.resource.ResourceHttpRequestHandler]
2018-07-22 18:48:34.645  INFO 4344 --- [    Test worker] o.s.w.s.handler.SimpleUrlHandlerMapping  : Mapped URL path [/**] onto handler of type [class org.springframework.web.servlet.resource.ResourceHttpRequestHandler]
2018-07-22 18:48:34.845  INFO 4344 --- [    Test worker] org.mongodb.driver.cluster               : Cluster created with settings {hosts=[localhost:27017], mode=SINGLE, requiredClusterType=UNKNOWN, serverSelectionTimeout='30000 ms', maxWaitQueueSize=500}
2018-07-22 18:48:34.852  INFO 4344 --- [ing connection]] twitter4j.TwitterStreamImpl              : 401:Authentication credentials (https://dev.twitter.com/pages/auth) were missing or incorrect. Ensure that you have set valid consumer key/secret, access token/secret, and the system clock is in sync.
<html>\n<head>\n<meta http-equiv="Content-Type" content="text/html; charset=utf-8"/>\n<title>Error 401 Unauthorized</title>
</head>
<body>
<h2>HTTP ERROR: 401</h2>
<p>Problem accessing '/1.1/statuses/filter.json'. Reason:
<pre>    Unauthorized</pre>
</body>
</html>

2018-07-22 18:48:34.852  INFO 4344 --- [ing connection]] twitter4j.TwitterStreamImpl              : Waiting for 10000 milliseconds
2018-07-22 18:48:34.856  INFO 4344 --- [localhost:27017] org.mongodb.driver.connection            : Opened connection [connectionId{localValue:2, serverValue:20}] to localhost:27017
2018-07-22 18:48:34.858  INFO 4344 --- [localhost:27017] org.mongodb.driver.cluster               : Monitor thread successfully connected to server with description ServerDescription{address=localhost:27017, type=STANDALONE, state=CONNECTED, ok=true, version=ServerVersion{versionList=[3, 2, 20]}, minWireVersion=0, maxWireVersion=4, maxDocumentSize=16777216, logicalSessionTimeoutMinutes=null, roundTripTimeNanos=1045725}
2018-07-22 18:48:35.176  INFO 4344 --- [    Test worker] com.tbd.twitter.TwitterApplicationTests  : Started TwitterApplicationTests in 4.184 seconds (JVM running for 5.485)
]]></system-out>
  <system-err><![CDATA[]]></system-err>
</testsuite>
